2024-09-04T01:35:44,981 [main] INFO  MyStoreV1:56 - Browser is launched
2024-09-04T01:36:05,352 [main] INFO  MyStoreV1:24 - Email ID is entered in Customer Login page
2024-09-04T01:36:05,442 [main] INFO  MyStoreV1:26 - Password has been entered
2024-09-04T01:36:15,056 [main] INFO  MyStoreV1:28 - Clicked on Sign In button
2024-09-04T01:39:55,977 [main] INFO  MyStoreV1:56 - Browser is launched
2024-09-04T01:40:00,292 [main] INFO  MyStoreV1:24 - Email ID is entered in Customer Login page
2024-09-04T01:40:00,379 [main] INFO  MyStoreV1:26 - Password has been entered
2024-09-04T01:40:02,216 [main] INFO  MyStoreV1:28 - Clicked on Sign In button
2024-09-04T01:41:29,542 [main] INFO  MyStoreV1:56 - Browser is launched
2024-09-04T01:41:32,205 [main] INFO  MyStoreV1:24 - Email ID is entered in Customer Login page
2024-09-04T01:41:32,291 [main] INFO  MyStoreV1:26 - Password has been entered
2024-09-04T01:41:34,945 [main] INFO  MyStoreV1:28 - Clicked on Sign In button
2024-09-04T01:41:39,595 [main] INFO  MyStoreV1:38 - Verify Login-Passed
2024-09-04T01:44:55,352 [main] INFO  MyStoreV1:56 - Browser is launched
2024-09-04T01:44:56,743 [main] INFO  MyStoreV1:24 - Email ID is entered in Customer Login page
2024-09-04T01:44:56,837 [main] INFO  MyStoreV1:26 - Password has been entered
2024-09-04T01:44:58,853 [main] INFO  MyStoreV1:28 - Clicked on Sign In button
2024-09-04T01:47:24,163 [main] INFO  MyStoreV1:56 - Browser is launched
2024-09-04T01:47:29,856 [main] INFO  MyStoreV1:24 - Email ID is entered in Customer Login page
2024-09-04T01:47:29,952 [main] INFO  MyStoreV1:26 - Password has been entered
2024-09-04T01:47:32,011 [main] INFO  MyStoreV1:28 - Clicked on Sign In button
2024-09-04T01:49:18,462 [main] INFO  MyStoreV1:56 - Browser is launched
2024-09-04T01:49:20,873 [main] INFO  MyStoreV1:24 - Email ID is entered in Customer Login page
2024-09-04T01:49:20,997 [main] INFO  MyStoreV1:26 - Password has been entered
2024-09-04T01:49:22,772 [main] INFO  MyStoreV1:28 - Clicked on Sign In button
2024-09-04T01:50:39,211 [main] INFO  MyStoreV1:56 - Browser is launched
2024-09-04T01:50:41,511 [main] INFO  MyStoreV1:24 - Email ID is entered in Customer Login page
2024-09-04T01:50:41,605 [main] INFO  MyStoreV1:26 - Password has been entered
2024-09-04T01:50:44,878 [main] INFO  MyStoreV1:28 - Clicked on Sign In button
2024-09-04T01:50:48,495 [main] INFO  MyStoreV1:38 - Verify Login-Passed
2024-09-04T02:37:31,233 [main] INFO  MyStoreV1:56 - Browser is launched
2024-09-04T02:37:33,049 [main] INFO  MyStoreV1:24 - Email ID is entered in Customer Login page
2024-09-04T02:37:33,158 [main] INFO  MyStoreV1:26 - Password has been entered
2024-09-04T02:37:35,760 [main] INFO  MyStoreV1:28 - Clicked on Sign In button
2024-09-04T02:37:40,672 [main] INFO  MyStoreV1:38 - Verify Login-Passed
2024-09-04T02:40:16,256 [main] INFO  MyStoreV1:56 - Browser is launched
2024-09-04T02:40:19,000 [main] INFO  MyStoreV1:24 - Email ID is entered in Customer Login page
2024-09-04T02:40:19,155 [main] INFO  MyStoreV1:26 - Password has been entered
2024-09-04T02:40:21,464 [main] INFO  MyStoreV1:28 - Clicked on Sign In button
2024-09-04T02:52:52,667 [main] INFO  MyStoreV1:56 - Browser is launched
2024-09-04T02:52:55,630 [main] INFO  MyStoreV1:24 - Email ID is entered in Customer Login page
2024-09-04T02:52:55,756 [main] INFO  MyStoreV1:26 - Password has been entered
2024-09-04T02:52:58,274 [main] INFO  MyStoreV1:28 - Clicked on Sign In button
2024-09-04T02:54:44,412 [main] INFO  MyStoreV1:56 - Browser is launched
2024-09-04T02:54:46,880 [main] INFO  MyStoreV1:24 - Email ID is entered in Customer Login page
2024-09-04T02:54:46,992 [main] INFO  MyStoreV1:26 - Password has been entered
2024-09-04T02:54:49,274 [main] INFO  MyStoreV1:28 - Clicked on Sign In button
2024-09-05T21:13:15,894 [main] INFO  MyStoreV1:56 - Browser is launched
2024-09-05T21:14:36,529 [main] INFO  MyStoreV1:56 - Browser is launched
2024-09-05T21:14:38,085 [main] INFO  MyStoreV1:24 - Email ID is entered in Customer Login page
2024-09-05T21:14:38,208 [main] INFO  MyStoreV1:26 - Password has been entered
2024-09-05T21:14:40,460 [main] INFO  MyStoreV1:28 - Clicked on Sign In button
2024-09-05T21:14:44,843 [main] INFO  MyStoreV1:38 - Verify Login-Passed
2024-09-05T21:16:30,629 [main] INFO  MyStoreV1:56 - Browser is launched
2024-09-05T21:16:32,465 [main] INFO  MyStoreV1:24 - Email ID is entered in Customer Login page
2024-09-05T21:16:32,566 [main] INFO  MyStoreV1:26 - Password has been entered
2024-09-05T21:16:34,634 [main] INFO  MyStoreV1:28 - Clicked on Sign In button
2024-09-05T21:16:38,931 [main] INFO  MyStoreV1:38 - Verify Login-Passed
2024-09-05T21:16:46,125 [main] INFO  MyStoreV1:56 - Browser is launched
2024-09-05T21:20:11,620 [main] INFO  MyStoreV1:56 - Browser is launched
2024-09-05T21:20:13,224 [main] INFO  MyStoreV1:24 - Email ID is entered in Customer Login page
2024-09-05T21:20:13,335 [main] INFO  MyStoreV1:26 - Password has been entered
2024-09-05T21:20:15,530 [main] INFO  MyStoreV1:28 - Clicked on Sign In button
2024-09-05T21:20:19,838 [main] INFO  MyStoreV1:38 - Verify Login-Passed
2024-09-05T21:20:28,854 [main] INFO  MyStoreV1:56 - Browser is launched
2024-09-05T21:20:32,076 [main] INFO  MyStoreV1:27 - Email ID is entered in Customer Login page
2024-09-05T21:20:32,188 [main] INFO  MyStoreV1:29 - Password has been entered
2024-09-05T21:20:34,279 [main] INFO  MyStoreV1:31 - Clicked on Sign In button
2024-09-05T21:20:39,088 [main] INFO  MyStoreV1:41 - Verify Login-Passed
2024-09-05T21:23:57,798 [main] INFO  MyStoreV1:56 - Browser is launched
2024-09-05T21:24:01,158 [main] INFO  MyStoreV1:27 - Email ID is entered in Customer Login page
2024-09-05T21:24:01,280 [main] INFO  MyStoreV1:29 - Password has been entered
2024-09-05T21:24:03,880 [main] INFO  MyStoreV1:31 - Clicked on Sign In button
2024-09-05T21:24:08,246 [main] INFO  MyStoreV1:41 - Verify Login-Passed
2024-09-05T21:32:14,774 [main] INFO  MyStoreV1:56 - Browser is launched
2024-09-05T21:32:18,145 [main] INFO  MyStoreV1:27 - Email ID is entered in Customer Login page
2024-09-05T21:32:18,258 [main] INFO  MyStoreV1:29 - Password has been entered
2024-09-05T21:32:20,432 [main] INFO  MyStoreV1:31 - Clicked on Sign In button
2024-09-05T21:32:25,284 [main] INFO  MyStoreV1:41 - Verify Login-Passed
2024-09-05T21:34:37,089 [main] INFO  MyStoreV1:56 - Browser is launched
2024-09-05T21:34:41,641 [main] INFO  MyStoreV1:27 - Email ID is entered in Customer Login page
2024-09-05T21:34:41,747 [main] INFO  MyStoreV1:29 - Password has been entered
2024-09-05T21:34:44,429 [main] INFO  MyStoreV1:31 - Clicked on Sign In button
2024-09-05T21:34:48,734 [main] INFO  MyStoreV1:41 - Verify Login-Passed
2024-09-05T21:35:39,143 [main] INFO  MyStoreV1:56 - Browser is launched
2024-09-05T21:35:43,267 [main] INFO  MyStoreV1:27 - Email ID is entered in Customer Login page
2024-09-05T21:35:43,373 [main] INFO  MyStoreV1:29 - Password has been entered
2024-09-05T21:35:45,926 [main] INFO  MyStoreV1:31 - Clicked on Sign In button
2024-09-05T21:35:50,286 [main] INFO  MyStoreV1:41 - Verify Login-Passed
2024-10-11T02:56:06,879 [main] INFO  MyStoreV1:56 - Browser is launched
2024-10-11T02:56:11,023 [main] INFO  MyStoreV1:27 - Email ID is entered in Customer Login page
2024-10-11T02:56:11,206 [main] INFO  MyStoreV1:29 - Password has been entered
2024-10-11T02:56:13,507 [main] INFO  MyStoreV1:31 - Clicked on Sign In button
2024-10-11T02:56:17,671 [main] INFO  MyStoreV1:41 - Verify Login-Passed
